14:45:01.260 Gauge Install ID: abbd7aaa-d9b7-455c-82e3-14adb84acc0a
14:45:01.362 Runner connection error: Runner with pid 11428 quit unexpectedly(exit status 1).
14:45:01.362 Error while killing runner: invalid argument
14:45:01.362 Failed to start gauge API: Runner with pid 11428 quit unexpectedly(exit status 1).
14:46:02.888 Gauge Install ID: abbd7aaa-d9b7-455c-82e3-14adb84acc0a
14:46:03.074 Runner connection error: Runner with pid 480 quit unexpectedly(exit status 1).
14:46:03.074 Error while killing runner: invalid argument
14:46:03.074 Failed to start gauge API: Runner with pid 480 quit unexpectedly(exit status 1).
15:16:30.642 Gauge Install ID: abbd7aaa-d9b7-455c-82e3-14adb84acc0a
15:16:30.853 Runner connection error: Runner with pid 11700 quit unexpectedly(exit status 1).
15:16:30.853 Error while killing runner: invalid argument
15:16:30.853 Failed to start gauge API: Runner with pid 11700 quit unexpectedly(exit status 1).
15:22:59.104 Gauge Install ID: abbd7aaa-d9b7-455c-82e3-14adb84acc0a
15:22:59.317 Runner connection error: Runner with pid 8764 quit unexpectedly(exit status 1).
15:22:59.317 Error while killing runner: invalid argument
15:22:59.317 Failed to start gauge API: Runner with pid 8764 quit unexpectedly(exit status 1).
15:23:33.671 Gauge Install ID: abbd7aaa-d9b7-455c-82e3-14adb84acc0a
15:23:38.061 Checking updates...
15:23:41.221 # Specification Heading
15:23:41.222 ## Vowel counts in single word
15:23:41.223 * Vowels in English language are "aeiou".

15:23:41.226 * The word "gauge" has "3" vowels.

15:23:41.228 ## Vowel counts in multiple word
15:23:41.230 * Vowels in English language are "aeiou".

15:23:41.232 * Almost all words have vowels 

     |Word  |Vowel Count|
     |------|-----------|
     |Gauge |3          |
     |Mingle|2          |
     |Snap  |1          |
     |GoCD  |1          |
     |Rhythm|0          |
15:23:42.238 Plugin [Html Report] with pid [9756] has exited
15:23:42.339 Specifications:	1 executed	1 passed	0 failed	0 skipped
15:23:42.339 Scenarios:	2 executed	2 passed	0 failed	0 skipped
15:23:42.339 
Total time taken: 297ms
15:23:42.339 Updates are available. Run gauge --check-updates for more info.
16:33:47.690 Gauge Install ID: abbd7aaa-d9b7-455c-82e3-14adb84acc0a
16:33:49.881 Checking updates...
16:33:54.510 # Search terms on google
16:35:02.333 ## Search on google page with term "Amazon"
16:35:02.335 * Search term "Amazon" on google page

16:35:08.736 Gauge Install ID: abbd7aaa-d9b7-455c-82e3-14adb84acc0a
16:35:10.802 Checking updates...
16:35:13.507 # Specification Heading
16:35:13.509 ## Vowel counts in single word
16:35:13.511 * Vowels in English language are "aeiou".

16:35:13.517 * The word "gauge" has "3" vowels.

16:35:13.522 ## Vowel counts in multiple word
16:35:13.524 * Vowels in English language are "aeiou".

16:35:13.528 * Almost all words have vowels 

     |Word  |Vowel Count|
     |------|-----------|
     |Gauge |3          |
     |Mingle|2          |
     |Snap  |1          |
     |GoCD  |1          |
     |Rhythm|0          |
16:35:13.536 # Search terms on google
16:35:13.538 ## Search on google page with term "Amazon"
16:35:13.539 * Search term "Amazon" on google page

16:35:15.117 Failed Step: Search term "Amazon" on google page
16:35:15.118 Error Message: Message: unknown error: unhandled inspector error: {"code":-32000,"message":"Cannot navigate to invalid URL"}
  (Session info: chrome=60.0.3112.113)
  (Driver info: chromedriver=2.32.498550 (9dec58e66c31bcc53a9ce3c7226f0c1c5810906a),platform=Windows NT 6.1.7601 SP1 x86_64)
16:35:15.118 Specification: specs\google_search.md:7
16:35:15.118 Stacktrace: 
Traceback (most recent call last):
  File "C:\Users\anup.manekar\AppData\Local\Programs\Python\Python36-32\lib\site-packages\getgauge\executor.py", line 41, in execute_method
    func(*params)
  File "D:\MyGitWorkspace\python-gauge-examples\step_impl\google_step.py", line 6, in search_term_on_google
    PageFactory.google_page.visit()
  File "D:\MyGitWorkspace\python-gauge-examples\step_impl\page_objects\google_page.py", line 18, in visit
    self.driver.get(self.URL)
  File "C:\Users\anup.manekar\AppData\Local\Programs\Python\Python36-32\lib\site-packages\selenium\webdriver\remote\webdriver.py", line 309, in get
    self.execute(Command.GET, {'url': url})
  File "C:\Users\anup.manekar\AppData\Local\Programs\Python\Python36-32\lib\site-packages\selenium\webdriver\remote\webdriver.py", line 297, in execute
    self.error_handler.check_response(response)
  File "C:\Users\anup.manekar\AppData\Local\Programs\Python\Python36-32\lib\site-packages\selenium\webdriver\remote\errorhandler.py", line 194, in check_response
    raise exception_class(message, screen, stacktrace)
selenium.common.exceptions.WebDriverException: Message: unknown error: unhandled inspector error: {"code":-32000,"message":"Cannot navigate to invalid URL"}
  (Session info: chrome=60.0.3112.113)
  (Driver info: chromedriver=2.32.498550 (9dec58e66c31bcc53a9ce3c7226f0c1c5810906a),platform=Windows NT 6.1.7601 SP1 x86_64)

16:35:15.122 ## Search on google page with term "@#$@FWFW@@#"
16:35:15.124 * Search term "@#$@FWFW@@#" on google page
16:35:15.374 Failed Step: Search term "@#$@FWFW@@#" on google page
16:35:15.374 Error Message: Message: unknown error: unhandled inspector error: {"code":-32000,"message":"Cannot navigate to invalid URL"}
  (Session info: chrome=60.0.3112.113)
  (Driver info: chromedriver=2.32.498550 (9dec58e66c31bcc53a9ce3c7226f0c1c5810906a),platform=Windows NT 6.1.7601 SP1 x86_64)
16:35:15.374 Specification: specs\google_search.md:10
16:35:15.374 Stacktrace: 
Traceback (most recent call last):
  File "C:\Users\anup.manekar\AppData\Local\Programs\Python\Python36-32\lib\site-packages\getgauge\executor.py", line 41, in execute_method
    func(*params)
  File "D:\MyGitWorkspace\python-gauge-examples\step_impl\google_step.py", line 6, in search_term_on_google
    PageFactory.google_page.visit()
  File "D:\MyGitWorkspace\python-gauge-examples\step_impl\page_objects\google_page.py", line 18, in visit
    self.driver.get(self.URL)
  File "C:\Users\anup.manekar\AppData\Local\Programs\Python\Python36-32\lib\site-packages\selenium\webdriver\remote\webdriver.py", line 309, in get
    self.execute(Command.GET, {'url': url})
  File "C:\Users\anup.manekar\AppData\Local\Programs\Python\Python36-32\lib\site-packages\selenium\webdriver\remote\webdriver.py", line 297, in execute
    self.error_handler.check_response(response)
  File "C:\Users\anup.manekar\AppData\Local\Programs\Python\Python36-32\lib\site-packages\selenium\webdriver\remote\errorhandler.py", line 194, in check_response
    raise exception_class(message, screen, stacktrace)
selenium.common.exceptions.WebDriverException: Message: unknown error: unhandled inspector error: {"code":-32000,"message":"Cannot navigate to invalid URL"}
  (Session info: chrome=60.0.3112.113)
  (Driver info: chromedriver=2.32.498550 (9dec58e66c31bcc53a9ce3c7226f0c1c5810906a),platform=Windows NT 6.1.7601 SP1 x86_64)

16:35:15.685 Plugin [Html Report] with pid [11888] has exited
16:35:15.785 Specifications:	2 executed	1 passed	1 failed	0 skipped
16:35:15.785 Scenarios:	4 executed	2 passed	2 failed	0 skipped
16:35:15.786 
Total time taken: 5.632s
16:35:15.786 Updates are available. Run gauge --check-updates for more info.
16:35:18.990 Gauge Install ID: abbd7aaa-d9b7-455c-82e3-14adb84acc0a
16:35:21.027 Checking updates...
16:35:24.069 # Specification Heading
16:35:24.070 ## Vowel counts in single word
16:35:24.072 * Vowels in English language are "aeiou".

16:35:24.076 * The word "gauge" has "3" vowels.

16:35:24.082 ## Vowel counts in multiple word
16:35:24.085 * Vowels in English language are "aeiou".

16:35:24.088 * Almost all words have vowels 

     |Word  |Vowel Count|
     |------|-----------|
     |Gauge |3          |
     |Mingle|2          |
     |Snap  |1          |
     |GoCD  |1          |
     |Rhythm|0          |
16:35:24.096 # Search terms on google
16:35:24.099 ## Search on google page with term "Amazon"
16:35:24.101 * Search term "Amazon" on google page

16:35:24.416 Failed Step: Search term "Amazon" on google page
16:35:24.417 Error Message: Message: unknown error: unhandled inspector error: {"code":-32000,"message":"Cannot navigate to invalid URL"}
  (Session info: chrome=60.0.3112.113)
  (Driver info: chromedriver=2.32.498550 (9dec58e66c31bcc53a9ce3c7226f0c1c5810906a),platform=Windows NT 6.1.7601 SP1 x86_64)
16:35:24.417 Specification: specs\google_search.md:7
16:35:24.417 Stacktrace: 
Traceback (most recent call last):
  File "C:\Users\anup.manekar\AppData\Local\Programs\Python\Python36-32\lib\site-packages\getgauge\executor.py", line 41, in execute_method
    func(*params)
  File "D:\MyGitWorkspace\python-gauge-examples\step_impl\google_step.py", line 6, in search_term_on_google
    PageFactory.google_page.visit()
  File "D:\MyGitWorkspace\python-gauge-examples\step_impl\page_objects\google_page.py", line 18, in visit
    self.driver.get(self.URL)
  File "C:\Users\anup.manekar\AppData\Local\Programs\Python\Python36-32\lib\site-packages\selenium\webdriver\remote\webdriver.py", line 309, in get
    self.execute(Command.GET, {'url': url})
  File "C:\Users\anup.manekar\AppData\Local\Programs\Python\Python36-32\lib\site-packages\selenium\webdriver\remote\webdriver.py", line 297, in execute
    self.error_handler.check_response(response)
  File "C:\Users\anup.manekar\AppData\Local\Programs\Python\Python36-32\lib\site-packages\selenium\webdriver\remote\errorhandler.py", line 194, in check_response
    raise exception_class(message, screen, stacktrace)
selenium.common.exceptions.WebDriverException: Message: unknown error: unhandled inspector error: {"code":-32000,"message":"Cannot navigate to invalid URL"}
  (Session info: chrome=60.0.3112.113)
  (Driver info: chromedriver=2.32.498550 (9dec58e66c31bcc53a9ce3c7226f0c1c5810906a),platform=Windows NT 6.1.7601 SP1 x86_64)

16:35:24.421 ## Search on google page with term "@#$@FWFW@@#"
16:35:24.424 * Search term "@#$@FWFW@@#" on google page
16:35:24.682 Failed Step: Search term "@#$@FWFW@@#" on google page
16:35:24.682 Error Message: Message: unknown error: unhandled inspector error: {"code":-32000,"message":"Cannot navigate to invalid URL"}
  (Session info: chrome=60.0.3112.113)
  (Driver info: chromedriver=2.32.498550 (9dec58e66c31bcc53a9ce3c7226f0c1c5810906a),platform=Windows NT 6.1.7601 SP1 x86_64)
16:35:24.682 Specification: specs\google_search.md:10
16:35:24.682 Stacktrace: 
Traceback (most recent call last):
  File "C:\Users\anup.manekar\AppData\Local\Programs\Python\Python36-32\lib\site-packages\getgauge\executor.py", line 41, in execute_method
    func(*params)
  File "D:\MyGitWorkspace\python-gauge-examples\step_impl\google_step.py", line 6, in search_term_on_google
    PageFactory.google_page.visit()
  File "D:\MyGitWorkspace\python-gauge-examples\step_impl\page_objects\google_page.py", line 18, in visit
    self.driver.get(self.URL)
  File "C:\Users\anup.manekar\AppData\Local\Programs\Python\Python36-32\lib\site-packages\selenium\webdriver\remote\webdriver.py", line 309, in get
    self.execute(Command.GET, {'url': url})
  File "C:\Users\anup.manekar\AppData\Local\Programs\Python\Python36-32\lib\site-packages\selenium\webdriver\remote\webdriver.py", line 297, in execute
    self.error_handler.check_response(response)
  File "C:\Users\anup.manekar\AppData\Local\Programs\Python\Python36-32\lib\site-packages\selenium\webdriver\remote\errorhandler.py", line 194, in check_response
    raise exception_class(message, screen, stacktrace)
selenium.common.exceptions.WebDriverException: Message: unknown error: unhandled inspector error: {"code":-32000,"message":"Cannot navigate to invalid URL"}
  (Session info: chrome=60.0.3112.113)
  (Driver info: chromedriver=2.32.498550 (9dec58e66c31bcc53a9ce3c7226f0c1c5810906a),platform=Windows NT 6.1.7601 SP1 x86_64)

16:35:25.334 Plugin [Html Report] with pid [5560] has exited
16:35:25.434 Specifications:	2 executed	1 passed	1 failed	0 skipped
16:35:25.434 Scenarios:	4 executed	2 passed	2 failed	0 skipped
16:35:25.435 
Total time taken: 5.035s
16:35:25.436 Updates are available. Run gauge --check-updates for more info.
16:36:39.440 Gauge Install ID: abbd7aaa-d9b7-455c-82e3-14adb84acc0a
16:36:41.518 Checking updates...
16:36:44.357 # Search terms on google
16:36:44.358 ## Search on google page with term "Amazon"
16:36:44.365 * Search term "Amazon" on google page

16:36:44.664 Failed Step: Search term "Amazon" on google page
16:36:44.664 Error Message: Message: unknown error: unhandled inspector error: {"code":-32000,"message":"Cannot navigate to invalid URL"}
  (Session info: chrome=60.0.3112.113)
  (Driver info: chromedriver=2.32.498550 (9dec58e66c31bcc53a9ce3c7226f0c1c5810906a),platform=Windows NT 6.1.7601 SP1 x86_64)
16:36:44.664 Specification: specs\google_search.md:7
16:36:44.664 Stacktrace: 
Traceback (most recent call last):
  File "C:\Users\anup.manekar\AppData\Local\Programs\Python\Python36-32\lib\site-packages\getgauge\executor.py", line 41, in execute_method
    func(*params)
  File "D:\MyGitWorkspace\python-gauge-examples\step_impl\google_step.py", line 6, in search_term_on_google
    PageFactory.google_page.visit()
  File "D:\MyGitWorkspace\python-gauge-examples\step_impl\page_objects\google_page.py", line 18, in visit
    self.driver.get(self.URL)
  File "C:\Users\anup.manekar\AppData\Local\Programs\Python\Python36-32\lib\site-packages\selenium\webdriver\remote\webdriver.py", line 309, in get
    self.execute(Command.GET, {'url': url})
  File "C:\Users\anup.manekar\AppData\Local\Programs\Python\Python36-32\lib\site-packages\selenium\webdriver\remote\webdriver.py", line 297, in execute
    self.error_handler.check_response(response)
  File "C:\Users\anup.manekar\AppData\Local\Programs\Python\Python36-32\lib\site-packages\selenium\webdriver\remote\errorhandler.py", line 194, in check_response
    raise exception_class(message, screen, stacktrace)
selenium.common.exceptions.WebDriverException: Message: unknown error: unhandled inspector error: {"code":-32000,"message":"Cannot navigate to invalid URL"}
  (Session info: chrome=60.0.3112.113)
  (Driver info: chromedriver=2.32.498550 (9dec58e66c31bcc53a9ce3c7226f0c1c5810906a),platform=Windows NT 6.1.7601 SP1 x86_64)

16:36:44.668 ## Search on google page with term "@#$@FWFW@@#"
16:36:44.670 * Search term "@#$@FWFW@@#" on google page
16:36:44.911 Failed Step: Search term "@#$@FWFW@@#" on google page
16:36:44.911 Error Message: Message: unknown error: unhandled inspector error: {"code":-32000,"message":"Cannot navigate to invalid URL"}
  (Session info: chrome=60.0.3112.113)
  (Driver info: chromedriver=2.32.498550 (9dec58e66c31bcc53a9ce3c7226f0c1c5810906a),platform=Windows NT 6.1.7601 SP1 x86_64)
16:36:44.911 Specification: specs\google_search.md:10
16:36:44.911 Stacktrace: 
Traceback (most recent call last):
  File "C:\Users\anup.manekar\AppData\Local\Programs\Python\Python36-32\lib\site-packages\getgauge\executor.py", line 41, in execute_method
    func(*params)
  File "D:\MyGitWorkspace\python-gauge-examples\step_impl\google_step.py", line 6, in search_term_on_google
    PageFactory.google_page.visit()
  File "D:\MyGitWorkspace\python-gauge-examples\step_impl\page_objects\google_page.py", line 18, in visit
    self.driver.get(self.URL)
  File "C:\Users\anup.manekar\AppData\Local\Programs\Python\Python36-32\lib\site-packages\selenium\webdriver\remote\webdriver.py", line 309, in get
    self.execute(Command.GET, {'url': url})
  File "C:\Users\anup.manekar\AppData\Local\Programs\Python\Python36-32\lib\site-packages\selenium\webdriver\remote\webdriver.py", line 297, in execute
    self.error_handler.check_response(response)
  File "C:\Users\anup.manekar\AppData\Local\Programs\Python\Python36-32\lib\site-packages\selenium\webdriver\remote\errorhandler.py", line 194, in check_response
    raise exception_class(message, screen, stacktrace)
selenium.common.exceptions.WebDriverException: Message: unknown error: unhandled inspector error: {"code":-32000,"message":"Cannot navigate to invalid URL"}
  (Session info: chrome=60.0.3112.113)
  (Driver info: chromedriver=2.32.498550 (9dec58e66c31bcc53a9ce3c7226f0c1c5810906a),platform=Windows NT 6.1.7601 SP1 x86_64)

16:36:44.916 # Specification Heading
16:36:44.919 ## Vowel counts in single word
16:36:44.920 * Vowels in English language are "aeiou".

16:36:44.922 * The word "gauge" has "3" vowels.

16:36:44.925 ## Vowel counts in multiple word
16:36:44.927 * Vowels in English language are "aeiou".

16:36:44.930 * Almost all words have vowels 

     |Word  |Vowel Count|
     |------|-----------|
     |Gauge |3          |
     |Mingle|2          |
     |Snap  |1          |
     |GoCD  |1          |
     |Rhythm|0          |
16:36:45.234 Plugin [Html Report] with pid [8280] has exited
16:36:45.334 Specifications:	2 executed	1 passed	1 failed	0 skipped
16:36:45.334 Scenarios:	4 executed	2 passed	2 failed	0 skipped
16:36:45.335 
Total time taken: 4.434s
16:36:45.336 Updates are available. Run gauge --check-updates for more info.
16:37:23.826 Gauge Install ID: abbd7aaa-d9b7-455c-82e3-14adb84acc0a
16:37:25.915 Checking updates...
16:37:28.992 # Search terms on google
16:37:28.993 ## Search on google page with term "Amazon"
16:37:28.995 * Search term "Amazon" on google page

16:37:29.377 Failed Step: Search term "Amazon" on google page
16:37:29.377 Error Message: Message: unknown error: unhandled inspector error: {"code":-32000,"message":"Cannot navigate to invalid URL"}
  (Session info: chrome=60.0.3112.113)
  (Driver info: chromedriver=2.32.498550 (9dec58e66c31bcc53a9ce3c7226f0c1c5810906a),platform=Windows NT 6.1.7601 SP1 x86_64)
16:37:29.377 Specification: specs\google_search.md:7
16:37:29.377 Stacktrace: 
Traceback (most recent call last):
  File "C:\Users\anup.manekar\AppData\Local\Programs\Python\Python36-32\lib\site-packages\getgauge\executor.py", line 41, in execute_method
    func(*params)
  File "D:\MyGitWorkspace\python-gauge-examples\step_impl\google_step.py", line 6, in search_term_on_google
    PageFactory.google_page.visit()
  File "D:\MyGitWorkspace\python-gauge-examples\step_impl\page_objects\google_page.py", line 18, in visit
    self.driver.get(self.URL)
  File "C:\Users\anup.manekar\AppData\Local\Programs\Python\Python36-32\lib\site-packages\selenium\webdriver\remote\webdriver.py", line 309, in get
    self.execute(Command.GET, {'url': url})
  File "C:\Users\anup.manekar\AppData\Local\Programs\Python\Python36-32\lib\site-packages\selenium\webdriver\remote\webdriver.py", line 297, in execute
    self.error_handler.check_response(response)
  File "C:\Users\anup.manekar\AppData\Local\Programs\Python\Python36-32\lib\site-packages\selenium\webdriver\remote\errorhandler.py", line 194, in check_response
    raise exception_class(message, screen, stacktrace)
selenium.common.exceptions.WebDriverException: Message: unknown error: unhandled inspector error: {"code":-32000,"message":"Cannot navigate to invalid URL"}
  (Session info: chrome=60.0.3112.113)
  (Driver info: chromedriver=2.32.498550 (9dec58e66c31bcc53a9ce3c7226f0c1c5810906a),platform=Windows NT 6.1.7601 SP1 x86_64)

16:37:29.380 ## Search on google page with term "@#$@FWFW@@#"
16:37:29.384 * Search term "@#$@FWFW@@#" on google page
16:37:29.698 Failed Step: Search term "@#$@FWFW@@#" on google page
16:37:29.698 Error Message: Message: unknown error: unhandled inspector error: {"code":-32000,"message":"Cannot navigate to invalid URL"}
  (Session info: chrome=60.0.3112.113)
  (Driver info: chromedriver=2.32.498550 (9dec58e66c31bcc53a9ce3c7226f0c1c5810906a),platform=Windows NT 6.1.7601 SP1 x86_64)
16:37:29.698 Specification: specs\google_search.md:10
16:37:29.698 Stacktrace: 
Traceback (most recent call last):
  File "C:\Users\anup.manekar\AppData\Local\Programs\Python\Python36-32\lib\site-packages\getgauge\executor.py", line 41, in execute_method
    func(*params)
  File "D:\MyGitWorkspace\python-gauge-examples\step_impl\google_step.py", line 6, in search_term_on_google
    PageFactory.google_page.visit()
  File "D:\MyGitWorkspace\python-gauge-examples\step_impl\page_objects\google_page.py", line 18, in visit
    self.driver.get(self.URL)
  File "C:\Users\anup.manekar\AppData\Local\Programs\Python\Python36-32\lib\site-packages\selenium\webdriver\remote\webdriver.py", line 309, in get
    self.execute(Command.GET, {'url': url})
  File "C:\Users\anup.manekar\AppData\Local\Programs\Python\Python36-32\lib\site-packages\selenium\webdriver\remote\webdriver.py", line 297, in execute
    self.error_handler.check_response(response)
  File "C:\Users\anup.manekar\AppData\Local\Programs\Python\Python36-32\lib\site-packages\selenium\webdriver\remote\errorhandler.py", line 194, in check_response
    raise exception_class(message, screen, stacktrace)
selenium.common.exceptions.WebDriverException: Message: unknown error: unhandled inspector error: {"code":-32000,"message":"Cannot navigate to invalid URL"}
  (Session info: chrome=60.0.3112.113)
  (Driver info: chromedriver=2.32.498550 (9dec58e66c31bcc53a9ce3c7226f0c1c5810906a),platform=Windows NT 6.1.7601 SP1 x86_64)

16:37:29.703 # Specification Heading
16:37:29.704 ## Vowel counts in single word
16:37:29.705 * Vowels in English language are "aeiou".

16:37:29.708 * The word "gauge" has "3" vowels.

16:37:29.712 ## Vowel counts in multiple word
16:37:29.713 * Vowels in English language are "aeiou".

16:37:29.716 * Almost all words have vowels 

     |Word  |Vowel Count|
     |------|-----------|
     |Gauge |3          |
     |Mingle|2          |
     |Snap  |1          |
     |GoCD  |1          |
     |Rhythm|0          |
16:37:30.467 Plugin [Html Report] with pid [2404] has exited
16:37:30.567 Specifications:	2 executed	1 passed	1 failed	0 skipped
16:37:30.568 Scenarios:	4 executed	2 passed	2 failed	0 skipped
16:37:30.569 
Total time taken: 5.19s
16:37:30.570 Updates are available. Run gauge --check-updates for more info.
16:37:59.144 Gauge Install ID: abbd7aaa-d9b7-455c-82e3-14adb84acc0a
16:38:01.222 Checking updates...
16:38:03.978 # Specification Heading
16:38:03.980 ## Vowel counts in single word
16:38:03.982 * Vowels in English language are "aeiou".

16:38:03.986 * The word "gauge" has "3" vowels.

16:38:03.991 ## Vowel counts in multiple word
16:38:03.994 * Vowels in English language are "aeiou".

16:38:03.997 * Almost all words have vowels 

     |Word  |Vowel Count|
     |------|-----------|
     |Gauge |3          |
     |Mingle|2          |
     |Snap  |1          |
     |GoCD  |1          |
     |Rhythm|0          |
16:38:04.005 # Search terms on google
16:38:04.006 ## Search on google page with term "Amazon"
16:38:04.008 * Search term "Amazon" on google page

16:38:04.304 Failed Step: Search term "Amazon" on google page
16:38:04.304 Error Message: Message: unknown error: unhandled inspector error: {"code":-32000,"message":"Cannot navigate to invalid URL"}
  (Session info: chrome=60.0.3112.113)
  (Driver info: chromedriver=2.32.498550 (9dec58e66c31bcc53a9ce3c7226f0c1c5810906a),platform=Windows NT 6.1.7601 SP1 x86_64)
16:38:04.304 Specification: specs\google_search.md:7
16:38:04.304 Stacktrace: 
Traceback (most recent call last):
  File "C:\Users\anup.manekar\AppData\Local\Programs\Python\Python36-32\lib\site-packages\getgauge\executor.py", line 41, in execute_method
    func(*params)
  File "D:\MyGitWorkspace\python-gauge-examples\step_impl\google_step.py", line 6, in search_term_on_google
    PageFactory.google_page.visit()
  File "D:\MyGitWorkspace\python-gauge-examples\step_impl\page_objects\google_page.py", line 19, in visit
    self.driver.get(self.URL)
  File "C:\Users\anup.manekar\AppData\Local\Programs\Python\Python36-32\lib\site-packages\selenium\webdriver\remote\webdriver.py", line 309, in get
    self.execute(Command.GET, {'url': url})
  File "C:\Users\anup.manekar\AppData\Local\Programs\Python\Python36-32\lib\site-packages\selenium\webdriver\remote\webdriver.py", line 297, in execute
    self.error_handler.check_response(response)
  File "C:\Users\anup.manekar\AppData\Local\Programs\Python\Python36-32\lib\site-packages\selenium\webdriver\remote\errorhandler.py", line 194, in check_response
    raise exception_class(message, screen, stacktrace)
selenium.common.exceptions.WebDriverException: Message: unknown error: unhandled inspector error: {"code":-32000,"message":"Cannot navigate to invalid URL"}
  (Session info: chrome=60.0.3112.113)
  (Driver info: chromedriver=2.32.498550 (9dec58e66c31bcc53a9ce3c7226f0c1c5810906a),platform=Windows NT 6.1.7601 SP1 x86_64)

16:38:04.307 ## Search on google page with term "@#$@FWFW@@#"
16:38:04.310 * Search term "@#$@FWFW@@#" on google page
16:38:04.576 Failed Step: Search term "@#$@FWFW@@#" on google page
16:38:04.576 Error Message: Message: unknown error: unhandled inspector error: {"code":-32000,"message":"Cannot navigate to invalid URL"}
  (Session info: chrome=60.0.3112.113)
  (Driver info: chromedriver=2.32.498550 (9dec58e66c31bcc53a9ce3c7226f0c1c5810906a),platform=Windows NT 6.1.7601 SP1 x86_64)
16:38:04.576 Specification: specs\google_search.md:10
16:38:04.576 Stacktrace: 
Traceback (most recent call last):
  File "C:\Users\anup.manekar\AppData\Local\Programs\Python\Python36-32\lib\site-packages\getgauge\executor.py", line 41, in execute_method
    func(*params)
  File "D:\MyGitWorkspace\python-gauge-examples\step_impl\google_step.py", line 6, in search_term_on_google
    PageFactory.google_page.visit()
  File "D:\MyGitWorkspace\python-gauge-examples\step_impl\page_objects\google_page.py", line 19, in visit
    self.driver.get(self.URL)
  File "C:\Users\anup.manekar\AppData\Local\Programs\Python\Python36-32\lib\site-packages\selenium\webdriver\remote\webdriver.py", line 309, in get
    self.execute(Command.GET, {'url': url})
  File "C:\Users\anup.manekar\AppData\Local\Programs\Python\Python36-32\lib\site-packages\selenium\webdriver\remote\webdriver.py", line 297, in execute
    self.error_handler.check_response(response)
  File "C:\Users\anup.manekar\AppData\Local\Programs\Python\Python36-32\lib\site-packages\selenium\webdriver\remote\errorhandler.py", line 194, in check_response
    raise exception_class(message, screen, stacktrace)
selenium.common.exceptions.WebDriverException: Message: unknown error: unhandled inspector error: {"code":-32000,"message":"Cannot navigate to invalid URL"}
  (Session info: chrome=60.0.3112.113)
  (Driver info: chromedriver=2.32.498550 (9dec58e66c31bcc53a9ce3c7226f0c1c5810906a),platform=Windows NT 6.1.7601 SP1 x86_64)

16:38:04.917 Plugin [Html Report] with pid [9912] has exited
16:38:05.117 Specifications:	2 executed	1 passed	1 failed	0 skipped
16:38:05.117 Scenarios:	4 executed	2 passed	2 failed	0 skipped
16:38:05.117 
Total time taken: 4.416s
16:38:05.118 Updates are available. Run gauge --check-updates for more info.
16:40:07.957 Gauge Install ID: abbd7aaa-d9b7-455c-82e3-14adb84acc0a
16:40:09.203 [ValidationError] D:\MyGitWorkspace\python-gauge-examples\specs\google_search.md:7 Step implementation not found => 'Search term "Amazon" on google page'
16:40:09.203 [ValidationError] D:\MyGitWorkspace\python-gauge-examples\specs\google_search.md:10 Step implementation not found => 'Search term "@#$@FWFW@@#" on google page'
16:40:09.314 # Specification Heading
16:40:09.315 ## Vowel counts in single word
16:40:09.317 * Vowels in English language are "aeiou".

16:40:09.320 * The word "gauge" has "3" vowels.

16:40:09.327 ## Vowel counts in multiple word
16:40:09.329 * Vowels in English language are "aeiou".

16:40:09.332 * Almost all words have vowels 

     |Word  |Vowel Count|
     |------|-----------|
     |Gauge |3          |
     |Mingle|2          |
     |Snap  |1          |
     |GoCD  |1          |
     |Rhythm|0          |
16:40:09.444 Plugin [Html Report] with pid [10428] has exited
16:40:09.544 Specifications:	1 executed	1 passed	0 failed	1 skipped
16:40:09.544 Scenarios:	2 executed	2 passed	0 failed	2 skipped
16:40:09.545 
Total time taken: 136ms
16:40:14.423 Gauge Install ID: abbd7aaa-d9b7-455c-82e3-14adb84acc0a
16:40:15.667 [ValidationError] D:\MyGitWorkspace\python-gauge-examples\specs\google_search.md:7 Step implementation not found => 'Search term "Amazon" on google page'
16:40:15.667 [ValidationError] D:\MyGitWorkspace\python-gauge-examples\specs\google_search.md:10 Step implementation not found => 'Search term "@#$@FWFW@@#" on google page'
16:40:15.764 # Specification Heading
16:40:15.765 ## Vowel counts in single word
16:40:15.766 * Vowels in English language are "aeiou".

16:40:15.769 * The word "gauge" has "3" vowels.

16:40:15.772 ## Vowel counts in multiple word
16:40:15.775 * Vowels in English language are "aeiou".

16:40:15.778 * Almost all words have vowels 

     |Word  |Vowel Count|
     |------|-----------|
     |Gauge |3          |
     |Mingle|2          |
     |Snap  |1          |
     |GoCD  |1          |
     |Rhythm|0          |
16:40:15.883 Plugin [Html Report] with pid [7272] has exited
16:40:15.984 Specifications:	1 executed	1 passed	0 failed	1 skipped
16:40:15.984 Scenarios:	2 executed	2 passed	0 failed	2 skipped
16:40:15.984 
Total time taken: 115ms
16:40:32.157 Gauge Install ID: abbd7aaa-d9b7-455c-82e3-14adb84acc0a
16:40:34.538 Checking updates...
16:40:37.509 # Search terms on google
16:40:37.510 ## Search on google page with term "Amazon"
16:40:37.512 * Search term "Amazon" on google page

16:40:37.858 Failed Step: Search term "Amazon" on google page
16:40:37.858 Error Message: Message: unknown error: unhandled inspector error: {"code":-32000,"message":"Cannot navigate to invalid URL"}
  (Session info: chrome=60.0.3112.113)
  (Driver info: chromedriver=2.32.498550 (9dec58e66c31bcc53a9ce3c7226f0c1c5810906a),platform=Windows NT 6.1.7601 SP1 x86_64)
16:40:37.858 Specification: specs\google_search.md:7
16:40:37.858 Stacktrace: 
Traceback (most recent call last):
  File "C:\Users\anup.manekar\AppData\Local\Programs\Python\Python36-32\lib\site-packages\getgauge\executor.py", line 41, in execute_method
    func(*params)
  File "D:\MyGitWorkspace\python-gauge-examples\step_impl\google_step.py", line 6, in search_term_on_google
    PageFactory.google_page.visit()
  File "D:\MyGitWorkspace\python-gauge-examples\step_impl\page_objects\google_page.py", line 19, in visit
    self.driver.get(self.URL)
  File "C:\Users\anup.manekar\AppData\Local\Programs\Python\Python36-32\lib\site-packages\selenium\webdriver\remote\webdriver.py", line 309, in get
    self.execute(Command.GET, {'url': url})
  File "C:\Users\anup.manekar\AppData\Local\Programs\Python\Python36-32\lib\site-packages\selenium\webdriver\remote\webdriver.py", line 297, in execute
    self.error_handler.check_response(response)
  File "C:\Users\anup.manekar\AppData\Local\Programs\Python\Python36-32\lib\site-packages\selenium\webdriver\remote\errorhandler.py", line 194, in check_response
    raise exception_class(message, screen, stacktrace)
selenium.common.exceptions.WebDriverException: Message: unknown error: unhandled inspector error: {"code":-32000,"message":"Cannot navigate to invalid URL"}
  (Session info: chrome=60.0.3112.113)
  (Driver info: chromedriver=2.32.498550 (9dec58e66c31bcc53a9ce3c7226f0c1c5810906a),platform=Windows NT 6.1.7601 SP1 x86_64)

16:40:37.860 ## Search on google page with term "@#$@FWFW@@#"
16:40:37.863 * Search term "@#$@FWFW@@#" on google page
16:40:38.133 Failed Step: Search term "@#$@FWFW@@#" on google page
16:40:38.133 Error Message: Message: unknown error: unhandled inspector error: {"code":-32000,"message":"Cannot navigate to invalid URL"}
  (Session info: chrome=60.0.3112.113)
  (Driver info: chromedriver=2.32.498550 (9dec58e66c31bcc53a9ce3c7226f0c1c5810906a),platform=Windows NT 6.1.7601 SP1 x86_64)
16:40:38.133 Specification: specs\google_search.md:10
16:40:38.133 Stacktrace: 
Traceback (most recent call last):
  File "C:\Users\anup.manekar\AppData\Local\Programs\Python\Python36-32\lib\site-packages\getgauge\executor.py", line 41, in execute_method
    func(*params)
  File "D:\MyGitWorkspace\python-gauge-examples\step_impl\google_step.py", line 6, in search_term_on_google
    PageFactory.google_page.visit()
  File "D:\MyGitWorkspace\python-gauge-examples\step_impl\page_objects\google_page.py", line 19, in visit
    self.driver.get(self.URL)
  File "C:\Users\anup.manekar\AppData\Local\Programs\Python\Python36-32\lib\site-packages\selenium\webdriver\remote\webdriver.py", line 309, in get
    self.execute(Command.GET, {'url': url})
  File "C:\Users\anup.manekar\AppData\Local\Programs\Python\Python36-32\lib\site-packages\selenium\webdriver\remote\webdriver.py", line 297, in execute
    self.error_handler.check_response(response)
  File "C:\Users\anup.manekar\AppData\Local\Programs\Python\Python36-32\lib\site-packages\selenium\webdriver\remote\errorhandler.py", line 194, in check_response
    raise exception_class(message, screen, stacktrace)
selenium.common.exceptions.WebDriverException: Message: unknown error: unhandled inspector error: {"code":-32000,"message":"Cannot navigate to invalid URL"}
  (Session info: chrome=60.0.3112.113)
  (Driver info: chromedriver=2.32.498550 (9dec58e66c31bcc53a9ce3c7226f0c1c5810906a),platform=Windows NT 6.1.7601 SP1 x86_64)

16:40:38.136 # Specification Heading
16:40:38.137 ## Vowel counts in single word
16:40:38.139 * Vowels in English language are "aeiou".

16:40:38.141 * The word "gauge" has "3" vowels.

16:40:38.145 ## Vowel counts in multiple word
16:40:38.146 * Vowels in English language are "aeiou".

16:40:38.149 * Almost all words have vowels 

     |Word  |Vowel Count|
     |------|-----------|
     |Gauge |3          |
     |Mingle|2          |
     |Snap  |1          |
     |GoCD  |1          |
     |Rhythm|0          |
16:40:38.425 Plugin [Html Report] with pid [8104] has exited
16:40:38.625 Specifications:	2 executed	1 passed	1 failed	0 skipped
16:40:38.625 Scenarios:	4 executed	2 passed	2 failed	0 skipped
16:40:38.625 
Total time taken: 4.892s
16:40:38.625 Updates are available. Run gauge --check-updates for more info.
16:41:24.903 Gauge Install ID: abbd7aaa-d9b7-455c-82e3-14adb84acc0a
16:41:26.968 Checking updates...
16:41:29.746 # Search terms on google
16:41:29.747 ## Search on google page with term "Amazon"
16:41:29.749 * Search term "Amazon" on google page

16:41:36.244 ## Search on google page with term "@#$@FWFW@@#"
16:41:36.249 * Search term "@#$@FWFW@@#" on google page
16:41:38.631 # Specification Heading
16:41:38.632 ## Vowel counts in single word
16:41:38.634 * Vowels in English language are "aeiou".

16:41:38.638 * The word "gauge" has "3" vowels.

16:41:38.643 ## Vowel counts in multiple word
16:41:38.645 * Vowels in English language are "aeiou".

16:41:38.648 * Almost all words have vowels 

     |Word  |Vowel Count|
     |------|-----------|
     |Gauge |3          |
     |Mingle|2          |
     |Snap  |1          |
     |GoCD  |1          |
     |Rhythm|0          |
16:41:39.108 Plugin [Html Report] with pid [10064] has exited
16:41:39.209 Specifications:	2 executed	2 passed	0 failed	0 skipped
16:41:39.209 Scenarios:	4 executed	4 passed	0 failed	0 skipped
16:41:39.209 
Total time taken: 12.861s
16:41:39.209 Updates are available. Run gauge --check-updates for more info.
16:52:09.613 Gauge Install ID: abbd7aaa-d9b7-455c-82e3-14adb84acc0a
16:52:11.695 Checking updates...
16:52:14.635 # Specification Heading
16:52:14.636 ## Vowel counts in single word
16:52:14.638 * Vowels in English language are "aeiou".

16:52:14.641 * The word "gauge" has "3" vowels.

16:52:14.645 ## Vowel counts in multiple word
16:52:14.647 * Vowels in English language are "aeiou".

16:52:14.649 * Almost all words have vowels 

     |Word  |Vowel Count|
     |------|-----------|
     |Gauge |3          |
     |Mingle|2          |
     |Snap  |1          |
     |GoCD  |1          |
     |Rhythm|0          |
16:52:14.657 # Search terms on google
16:52:14.658 ## Search on google page with term "Amazon"
16:52:14.660 * Search term "Amazon" on google page
16:52:20.398 * Verify that first result term is "Amazon.in"

16:52:20.770 Failed Step: Verify that first result term is "Amazon.in"
16:52:20.770 Error Message: 'WebDriver' object has no attribute 'gettext'
16:52:20.770 Specification: specs\google_search.md:8
16:52:20.770 Stacktrace: 
Traceback (most recent call last):
  File "C:\Users\anup.manekar\AppData\Local\Programs\Python\Python36-32\lib\site-packages\getgauge\executor.py", line 41, in execute_method
    func(*params)
  File "D:\MyGitWorkspace\python-gauge-examples\step_impl\google_step.py", line 11, in verify_first_result
    first_result = PageFactory.google_page.get_first_result()
  File "D:\MyGitWorkspace\python-gauge-examples\step_impl\page_objects\google_page.py", line 23, in get_first_result
    self.driver.gettext(GooglePageLocators.FIRST_RESULT)
AttributeError: 'WebDriver' object has no attribute 'gettext'
16:52:20.771 ## Search on google page with term "@#$@FWFW@@#"
16:52:20.774 * Search term "@#$@FWFW@@#" on google page
16:52:23.309 Plugin [Html Report] with pid [7500] has exited
16:52:23.409 Specifications:	2 executed	1 passed	1 failed	0 skipped
16:52:23.409 Scenarios:	4 executed	3 passed	1 failed	0 skipped
16:52:23.409 
Total time taken: 12.382s
16:52:23.409 Updates are available. Run gauge --check-updates for more info.
16:54:53.919 Gauge Install ID: abbd7aaa-d9b7-455c-82e3-14adb84acc0a
16:54:55.953 Checking updates...
16:54:58.749 # Search terms on google
16:54:58.750 ## Search on google page with term "Amazon"
16:54:58.752 * Search term "Amazon" on google page
16:55:04.750 * Verify that first result term is "Amazon.in"

16:55:05.120 Failed Step: Verify that first result term is "Amazon.in"
16:55:05.120 Error Message: 'GooglePage' object has no attribute 'text'
16:55:05.120 Specification: specs\google_search.md:8
16:55:05.120 Stacktrace: 
Traceback (most recent call last):
  File "C:\Users\anup.manekar\AppData\Local\Programs\Python\Python36-32\lib\site-packages\getgauge\executor.py", line 41, in execute_method
    func(*params)
  File "D:\MyGitWorkspace\python-gauge-examples\step_impl\google_step.py", line 11, in verify_first_result
    first_result = PageFactory.google_page.get_first_result()
  File "D:\MyGitWorkspace\python-gauge-examples\step_impl\page_objects\google_page.py", line 23, in get_first_result
    self.text(GooglePageLocators.FIRST_RESULT)
AttributeError: 'GooglePage' object has no attribute 'text'
16:55:05.122 ## Search on google page with term "@#$@FWFW@@#"
16:55:05.124 * Search term "@#$@FWFW@@#" on google page
16:55:07.891 # Specification Heading
16:55:07.892 ## Vowel counts in single word
16:55:07.895 * Vowels in English language are "aeiou".

16:55:07.897 * The word "gauge" has "3" vowels.

16:55:07.901 ## Vowel counts in multiple word
16:55:07.902 * Vowels in English language are "aeiou".

16:55:07.904 * Almost all words have vowels 

     |Word  |Vowel Count|
     |------|-----------|
     |Gauge |3          |
     |Mingle|2          |
     |Snap  |1          |
     |GoCD  |1          |
     |Rhythm|0          |
16:55:10.119 Plugin [Html Report] with pid [412] has exited
16:55:10.320 Specifications:	2 executed	1 passed	1 failed	0 skipped
16:55:10.320 Scenarios:	4 executed	3 passed	1 failed	0 skipped
16:55:10.321 
Total time taken: 14.819s
16:55:10.321 Updates are available. Run gauge --check-updates for more info.
16:56:01.270 Gauge Install ID: abbd7aaa-d9b7-455c-82e3-14adb84acc0a
16:56:03.365 Checking updates...
16:56:06.451 # Specification Heading
16:56:06.452 ## Vowel counts in single word
16:56:06.453 * Vowels in English language are "aeiou".

16:56:06.456 * The word "gauge" has "3" vowels.

16:56:06.461 ## Vowel counts in multiple word
16:56:06.464 * Vowels in English language are "aeiou".

16:56:06.468 * Almost all words have vowels 

     |Word  |Vowel Count|
     |------|-----------|
     |Gauge |3          |
     |Mingle|2          |
     |Snap  |1          |
     |GoCD  |1          |
     |Rhythm|0          |
16:56:06.475 # Search terms on google
16:56:06.476 ## Search on google page with term "Amazon"
16:56:06.478 * Search term "Amazon" on google page
16:56:12.414 * Verify that first result term is "Amazon.in"

16:56:12.835 Failed Step: Verify that first result term is "Amazon.in"
16:56:12.835 Error Message: 'str' object has no attribute 'text'
16:56:12.835 Specification: specs\google_search.md:8
16:56:12.835 Stacktrace: 
Traceback (most recent call last):
  File "C:\Users\anup.manekar\AppData\Local\Programs\Python\Python36-32\lib\site-packages\getgauge\executor.py", line 41, in execute_method
    func(*params)
  File "D:\MyGitWorkspace\python-gauge-examples\step_impl\google_step.py", line 11, in verify_first_result
    first_result = PageFactory.google_page.get_first_result()
  File "D:\MyGitWorkspace\python-gauge-examples\step_impl\page_objects\google_page.py", line 23, in get_first_result
    self.get(GooglePageLocators.FIRST_RESULT).text
AttributeError: 'str' object has no attribute 'text'
16:56:12.837 ## Search on google page with term "@#$@FWFW@@#"
16:56:12.839 * Search term "@#$@FWFW@@#" on google page
16:56:15.326 Plugin [Html Report] with pid [1040] has exited
16:56:15.426 Specifications:	2 executed	1 passed	1 failed	0 skipped
16:56:15.426 Scenarios:	4 executed	3 passed	1 failed	0 skipped
16:56:15.426 
Total time taken: 12.696s
16:56:15.426 Updates are available. Run gauge --check-updates for more info.
16:56:52.918 Gauge Install ID: abbd7aaa-d9b7-455c-82e3-14adb84acc0a
16:56:54.983 Checking updates...
16:56:57.789 # Search terms on google
16:56:57.790 ## Search on google page with term "Amazon"
16:56:57.792 * Search term "Amazon" on google page
16:57:04.492 * Verify that first result term is "Amazon.in"

16:57:05.061 Failed Step: Verify that first result term is "Amazon.in"
16:57:05.061 Error Message: 
16:57:05.061 Specification: specs\google_search.md:8
16:57:05.061 Stacktrace: 
Traceback (most recent call last):
  File "C:\Users\anup.manekar\AppData\Local\Programs\Python\Python36-32\lib\site-packages\getgauge\executor.py", line 41, in execute_method
    func(*params)
  File "D:\MyGitWorkspace\python-gauge-examples\step_impl\google_step.py", line 12, in verify_first_result
    assert first_result == term
AssertionError
16:57:05.062 ## Search on google page with term "@#$@FWFW@@#"
16:57:05.064 * Search term "@#$@FWFW@@#" on google page
16:57:07.066 # Specification Heading
16:57:07.066 ## Vowel counts in single word
16:57:07.069 * Vowels in English language are "aeiou".

16:57:07.076 * The word "gauge" has "3" vowels.

16:57:07.082 ## Vowel counts in multiple word
16:57:07.088 * Vowels in English language are "aeiou".

16:57:07.093 * Almost all words have vowels 

     |Word  |Vowel Count|
     |------|-----------|
     |Gauge |3          |
     |Mingle|2          |
     |Snap  |1          |
     |GoCD  |1          |
     |Rhythm|0          |
16:57:07.547 Plugin [Html Report] with pid [11448] has exited
16:57:07.747 Specifications:	2 executed	1 passed	1 failed	0 skipped
16:57:07.747 Scenarios:	4 executed	3 passed	1 failed	0 skipped
16:57:07.747 
Total time taken: 13.261s
16:57:07.747 Updates are available. Run gauge --check-updates for more info.
17:00:13.111 Gauge Install ID: abbd7aaa-d9b7-455c-82e3-14adb84acc0a
17:00:15.168 Checking updates...
17:00:18.060 # Search terms on google
17:00:18.061 ## Search on google page with term "Amazon"
17:00:18.063 * Search term "Amazon" on google page
17:00:24.910 * Verify that first result term is "Amazon.in"

17:00:25.496 Failed Step: Verify that first result term is "Amazon.in"
17:00:25.496 Error Message: 
17:00:25.496 Specification: specs\google_search.md:8
17:00:25.496 Stacktrace: 
Traceback (most recent call last):
  File "C:\Users\anup.manekar\AppData\Local\Programs\Python\Python36-32\lib\site-packages\getgauge\executor.py", line 41, in execute_method
    func(*params)
  File "D:\MyGitWorkspace\python-gauge-examples\step_impl\google_step.py", line 14, in verify_first_result
    assert RESULT == term
AssertionError
17:00:25.497 ## Search on google page with term "@#$@FWFW@@#"
17:00:25.498 * Search term "@#$@FWFW@@#" on google page
17:00:27.820 # Specification Heading
17:00:27.821 ## Vowel counts in single word
17:00:27.823 * Vowels in English language are "aeiou".

17:00:27.828 * The word "gauge" has "3" vowels.

17:00:27.833 ## Vowel counts in multiple word
17:00:27.835 * Vowels in English language are "aeiou".

17:00:27.839 * Almost all words have vowels 

     |Word  |Vowel Count|
     |------|-----------|
     |Gauge |3          |
     |Mingle|2          |
     |Snap  |1          |
     |GoCD  |1          |
     |Rhythm|0          |
17:00:30.117 Plugin [Html Report] with pid [10356] has exited
17:00:30.217 Specifications:	2 executed	1 passed	1 failed	0 skipped
17:00:30.217 Scenarios:	4 executed	3 passed	1 failed	0 skipped
17:00:30.217 
Total time taken: 15.642s
17:00:30.217 Updates are available. Run gauge --check-updates for more info.
17:00:57.395 Gauge Install ID: abbd7aaa-d9b7-455c-82e3-14adb84acc0a
17:00:59.481 Checking updates...
17:01:02.167 # Search terms on google
17:01:02.168 ## Search on google page with term "Amazon"
17:01:02.170 * Search term "Amazon" on google page
17:01:09.233 * Verify that first result term is "Amazon.in"

17:01:09.794 Failed Step: Verify that first result term is "Amazon.in"
17:01:09.794 Error Message: 
17:01:09.794 Specification: specs\google_search.md:8
17:01:09.794 Stacktrace: 
Traceback (most recent call last):
  File "C:\Users\anup.manekar\AppData\Local\Programs\Python\Python36-32\lib\site-packages\getgauge\executor.py", line 41, in execute_method
    func(*params)
  File "D:\MyGitWorkspace\python-gauge-examples\step_impl\google_step.py", line 14, in verify_first_result
    assert RESULT == term
AssertionError
17:01:09.796 ## Search on google page with term "@#$@FWFW@@#"
17:01:09.798 * Search term "@#$@FWFW@@#" on google page
17:01:11.797 # Specification Heading
17:01:11.800 ## Vowel counts in single word
17:01:11.800 * Vowels in English language are "aeiou".

17:01:11.810 * The word "gauge" has "3" vowels.

17:01:11.816 ## Vowel counts in multiple word
17:01:11.822 * Vowels in English language are "aeiou".

17:01:11.827 * Almost all words have vowels 

     |Word  |Vowel Count|
     |------|-----------|
     |Gauge |3          |
     |Mingle|2          |
     |Snap  |1          |
     |GoCD  |1          |
     |Rhythm|0          |
17:01:12.243 Plugin [Html Report] with pid [5680] has exited
17:01:12.343 Specifications:	2 executed	1 passed	1 failed	0 skipped
17:01:12.343 Scenarios:	4 executed	3 passed	1 failed	0 skipped
17:01:12.343 
Total time taken: 13.511s
17:01:12.343 Updates are available. Run gauge --check-updates for more info.
17:01:38.789 Gauge Install ID: abbd7aaa-d9b7-455c-82e3-14adb84acc0a
17:01:40.855 Checking updates...
17:01:43.867 # Search terms on google
17:01:43.868 ## Search on google page with term "Amazon"
17:01:43.869 * Search term "Amazon" on google page
17:01:49.593 * Verify that first result term is "Amazon India"

17:01:49.839 ## Search on google page with term "@#$@FWFW@@#"
17:01:49.848 * Search term "@#$@FWFW@@#" on google page
17:01:51.953 * Verify that first result term is "Amazon India"
17:01:52.391 Failed Step: Verify that first result term is "Amazon India"
17:01:52.391 Error Message: 
17:01:52.392 Specification: specs\google_search.md:12
17:01:52.392 Stacktrace: 
Traceback (most recent call last):
  File "C:\Users\anup.manekar\AppData\Local\Programs\Python\Python36-32\lib\site-packages\getgauge\executor.py", line 41, in execute_method
    func(*params)
  File "D:\MyGitWorkspace\python-gauge-examples\step_impl\google_step.py", line 14, in verify_first_result
    assert RESULT == term
AssertionError
17:01:52.394 # Specification Heading
17:01:52.394 ## Vowel counts in single word
17:01:52.395 * Vowels in English language are "aeiou".

17:01:52.398 * The word "gauge" has "3" vowels.

17:01:52.405 ## Vowel counts in multiple word
17:01:52.407 * Vowels in English language are "aeiou".

17:01:52.409 * Almost all words have vowels 

     |Word  |Vowel Count|
     |------|-----------|
     |Gauge |3          |
     |Mingle|2          |
     |Snap  |1          |
     |GoCD  |1          |
     |Rhythm|0          |
17:01:54.928 Plugin [Html Report] with pid [7664] has exited
17:01:55.028 Specifications:	2 executed	1 passed	1 failed	0 skipped
17:01:55.028 Scenarios:	4 executed	3 passed	1 failed	0 skipped
17:01:55.028 
Total time taken: 14.785s
17:01:55.028 Updates are available. Run gauge --check-updates for more info.
17:05:37.224 Gauge Install ID: abbd7aaa-d9b7-455c-82e3-14adb84acc0a
17:05:37.286 Runner connection error: Runner with pid 10640 quit unexpectedly(exit status 1).
17:05:37.286 Error while killing runner: invalid argument
17:05:37.286 Failed to start gauge API: Runner with pid 10640 quit unexpectedly(exit status 1).
17:05:56.572 Gauge Install ID: abbd7aaa-d9b7-455c-82e3-14adb84acc0a
17:05:58.658 Checking updates...
17:06:01.500 # Search terms on google
17:06:01.502 ## Search on google page with term "Amazon"
17:06:01.504 * Search term "Amazon" on google page
17:06:07.213 * Verify that first result term is "Amazon India"

17:06:07.502 ## Search on google page with term "@#$@FWFW@@#"
17:06:07.504 * Search term "@#$@FWFW@@#" on google page
17:06:09.715 * Verify that first result term is "Amazon India"
17:06:10.318 Failed Step: Verify that first result term is "Amazon India"
17:06:10.318 Error Message: 
17:06:10.318 Specification: specs\google_search.md:12
17:06:10.318 Stacktrace: 
Traceback (most recent call last):
  File "C:\Users\anup.manekar\AppData\Local\Programs\Python\Python36-32\lib\site-packages\getgauge\executor.py", line 41, in execute_method
    func(*params)
  File "D:\MyGitWorkspace\python-examples\python-gauge-examples\step_impl\google_step.py", line 14, in verify_first_result
    assert RESULT == term
AssertionError
17:06:10.323 # Specification Heading
17:06:10.325 ## Vowel counts in single word
17:06:10.328 * Vowels in English language are "aeiou".

17:06:10.331 * The word "gauge" has "3" vowels.

17:06:10.337 ## Vowel counts in multiple word
17:06:10.339 * Vowels in English language are "aeiou".

17:06:10.343 * Almost all words have vowels 

     |Word  |Vowel Count|
     |------|-----------|
     |Gauge |3          |
     |Mingle|2          |
     |Snap  |1          |
     |GoCD  |1          |
     |Rhythm|0          |
17:06:12.553 Plugin [Html Report] with pid [9544] has exited
17:06:12.753 Specifications:	2 executed	1 passed	1 failed	0 skipped
17:06:12.753 Scenarios:	4 executed	3 passed	1 failed	0 skipped
17:06:12.754 
Total time taken: 14.627s
17:06:12.756 Updates are available. Run gauge --check-updates for more info.
